<?xml version="1.0" encoding="UTF-8"?>
<testsuite xmlns:xsi="http://www.w3.org/2001/XMLSchema-instance" xsi:noNamespaceSchemaLocation="https://maven.apache.org/surefire/maven-surefire-plugin/xsd/surefire-test-report-3.0.xsd" version="3.0" name="TestSuite" time="73.252" tests="6" errors="0" skipped="0" failures="0">
  <properties>
[...]
</properties>
  <testcase name="runScenario[&quot;Verify registration functionality&quot;, &quot;Registration Module&quot;](1)" classname="com.bdd.runners.LoginModuleRunner" time="31.07">
    <system-out><![CDATA[Our Execution Environment is:stage
Our Execution Environment is:stage
Our Execution Environment is:stage
Our Execution Environment is:stage
Our Execution Environment is:stage
Our Execution Environment is:stage
]]></system-out>
    <system-err><![CDATA[SLF4J: Failed to load class "org.slf4j.impl.StaticLoggerBinder".
SLF4J: Defaulting to no-operation (NOP) logger implementation
SLF4J: See http://www.slf4j.org/codes.html#StaticLoggerBinder for further details.
ERROR StatusLogger Log4j2 could not find a logging implementation. Please add log4j-core to the classpath. Using SimpleLogger to log to the console...
Starting ChromeDriver 2.41.578700 (2f1ed5f9343c13f73144538f15c00b370eda6706) on port 22246
Only locStarting ChromeDriver 2.4S1tarting ChromeDSrtairvtienrg  Ch2r.om4e1D.r5i7v8e7r0 02 .(42f11.e5d758f790304 3.578700 (2f1ed5alf 9c3o43ncn13ectionsc13f73144538f15c00b3(702efd1ae6d750f69)3 4o3nc 1po3rft7 3114474853f73144538f15c00b370eda6706) on port 13551
Only local connections are allowed.
Starting ChromeDriver 2.41.578700 (2f1ed5f93Start43c13f73144538f15c00b370eda6706) o9
Only local connections are allowed.
 are allowed.
8f15c00b370eda6706) on port 14161
Only local connections are allowed.
ing ChromeDriver 2.41.578700 (2f1ed5f9343c13f73144538f15c00b370eda6706) on port 23782
Only local connections are allowed.
n port 31503
Only local connections are allowed.
Jan 14, 2023 5:02:13 PM org.openqa.selenium.devtools.CdpVersionFinder findNearestMatch
WARNING: Unable to find CDP implementation matching 83
Jan 14, 2023 5:02:13 PM org.openqa.selenium.devtools.CdpVersionFinder findNearestMatch
WARNING: Unable to find CDP implementation matching 83
Jan 14, 2023 5:02:13 PM org.openqa.selenium.chromium.ChromiumDriver lambda$new$3
WARNING: Unable to find version of CDP to use for . You may need to include a dependency on a specific version of the CDP using something similar to `org.seleniumhq.selenium:selenium-devtools-v86:4.6.0` where the version ("v86") matches the version of the chromium-based browser you're using and the version number of the artifact is the same as Selenium's.
Jan 14, 2023 5:02:13 PM org.openqa.selenium.devtools.CdpVersionFinder findNearestMatch
WARNING: Unable to find CDP implementation matching 83
Jan 14, 2023 5:02:13 PM org.openqa.selenium.chromium.ChromiumDriver lambda$new$3
WARNING: Unable to find version of CDP to use for . You may need to include a dependency on a specific version of the CDP using something similar to `org.seleniumhq.selenium:selenium-devtools-v86:4.6.0` where the version ("v86") matches the version of the chromium-based browser you're using and the version number of the artifact is the same as Selenium's.
Jan 14, 2023 5:02:13 PM org.openqa.selenium.devtools.CdpVersionFinder findNearestMatch
WARNING: Unable to find CDP implementation matching 83
Jan 14, 2023 5:02:13 PM org.openqa.selenium.chromium.ChromiumDriver lambda$new$3
WARNING: Unable to find version of CDP to use for . You may need to include a dependency on a specific version of the CDP using something similar to `org.seleniumhq.selenium:selenium-devtools-v86:4.6.0` where the version ("v86") matches the version of the chromium-based browser you're using and the version number of the artifact is the same as Selenium's.
Jan 14, 2023 5:02:13 PM org.openqa.selenium.chromium.ChromiumDriver lambda$new$3
WARNING: Unable to find version of CDP to use for . You may need to include a dependency on a specific version of the CDP using something similar to `org.seleniumhq.selenium:selenium-devtools-v86:4.6.0` where the version ("v86") matches the version of the chromium-based browser you're using and the version number of the artifact is the same as Selenium's.
Jan 14, 2023 5:02:13 PM org.openqa.selenium.devtools.CdpVersionFinder findNearestMatch
WARNING: Unable to find CDP implementation matching 83
Jan 14, 2023 5:02:13 PM org.openqa.selenium.chromium.ChromiumDriver lambda$new$3
WARNING: Unable to find version of CDP to use for . You may need to include a dependency on a specific version of the CDP using something similar to `org.seleniumhq.selenium:selenium-devtools-v86:4.6.0` where the version ("v86") matches the version of the chromium-based browser you're using and the version number of the artifact is the same as Selenium's.
Jan 14, 2023 5:02:13 PM org.openqa.selenium.devtools.CdpVersionFinder findNearestMatch
WARNING: Unable to find CDP implementation matching 83
Jan 14, 2023 5:02:13 PM org.openqa.selenium.chromium.ChromiumDriver lambda$new$3
WARNING: Unable to find version of CDP to use for . You may need to include a dependency on a specific version of the CDP using something similar to `org.seleniumhq.selenium:selenium-devtools-v86:4.6.0` where the version ("v86") matches the version of the chromium-based browser you're using and the version number of the artifact is the same as Selenium's.
]]></system-err>
  </testcase>
  <testcase name="runScenario[&quot;Verify User Login With Invalid Credentials&quot;, &quot;Registration Module&quot;](2)" classname="com.bdd.runners.LoginModuleRunner" time="42.973"/>
  <testcase name="runScenario[&quot;Verify User Login With Invalid Credentials&quot;, &quot;Registration Module&quot;](3)" classname="com.bdd.runners.LoginModuleRunner" time="43.65"/>
  <testcase name="runScenario[&quot;Verify User Login With Invalid Credentials&quot;, &quot;Registration Module&quot;](4)" classname="com.bdd.runners.LoginModuleRunner" time="43.781"/>
  <testcase name="runScenario[&quot;Verify that login is working with correct credentials&quot;, &quot;Login Module&quot;](5)" classname="com.bdd.runners.LoginModuleRunner" time="50.384"/>
  <testcase name="runScenario[&quot;Verify logout functionality&quot;, &quot;Profile Module&quot;](6)" classname="com.bdd.runners.LoginModuleRunner" time="72.564">
    <system-out><![CDATA[Our Execution Environment is:stage
]]></system-out>
  </testcase>
</testsuite>