<?xml version="1.0" encoding="UTF-8"?>
<!-- Generated by org.testng.reporters.JUnitXMLReporter -->
<testsuite hostname="ip-172-31-25-135" ignored="0" name="E2E Tests" tests="6" failures="6" timestamp="2023-01-14T16:11:03 UTC" time="0.413" errors="0">
  <testcase name="runScenario" time="0.2" classname="io.cucumber.testng.AbstractTestNGCucumberTests">
    <failure type="java.lang.NullPointerException">
      <![CDATA[java.lang.NullPointerException
at com.bdd.test.scenarios.loginStepsDefinations.openLoginPage(loginStepsDefinations.java:49)
at ✽.The user is on login/register page(file:src/test/java/FeatureFiles/datadriven.feature:26)
]]>
    </failure>
  </testcase> <!-- runScenario -->
  <testcase name="runScenario" time="0.19" classname="io.cucumber.testng.AbstractTestNGCucumberTests">
    <failure type="java.lang.NullPointerException">
      <![CDATA[java.lang.NullPointerException
at com.bdd.test.scenarios.loginStepsDefinations.openLoginPage(loginStepsDefinations.java:49)
at ✽.The user is on login/register page(file:src/test/java/FeatureFiles/login.feature:24)
]]>
    </failure>
  </testcase> <!-- runScenario -->
  <testcase name="runScenario" time="0.2" classname="io.cucumber.testng.AbstractTestNGCucumberTests">
    <failure type="java.lang.NullPointerException">
      <![CDATA[java.lang.NullPointerException
at com.bdd.test.scenarios.loginStepsDefinations.openLoginPage(loginStepsDefinations.java:49)
at ✽.The user is on login/register page(file:src/test/java/FeatureFiles/datadriven.feature:26)
]]>
    </failure>
  </testcase> <!-- runScenario -->
  <testcase name="runScenario" time="0.192" classname="io.cucumber.testng.AbstractTestNGCucumberTests">
    <failure type="java.lang.NullPointerException">
      <![CDATA[java.lang.NullPointerException
at com.bdd.test.scenarios.loginStepsDefinations.openLoginPage(loginStepsDefinations.java:49)
at ✽.The user is on login/register page(file:src/test/java/FeatureFiles/register.feature:26)
]]>
    </failure>
  </testcase> <!-- runScenario -->
  <testcase name="runScenario" time="0.201" classname="io.cucumber.testng.AbstractTestNGCucumberTests">
    <failure type="java.lang.NullPointerException">
      <![CDATA[java.lang.NullPointerException
at com.bdd.test.scenarios.loginStepsDefinations.openLoginPage(loginStepsDefinations.java:49)
at ✽.The user is on login/register page(file:src/test/java/FeatureFiles/profile.feature:22)
]]>
    </failure>
  </testcase> <!-- runScenario -->
  <testcase name="runScenario" time="0.2" classname="io.cucumber.testng.AbstractTestNGCucumberTests">
    <failure type="java.lang.NullPointerException">
      <![CDATA[java.lang.NullPointerException
at com.bdd.test.scenarios.loginStepsDefinations.openLoginPage(loginStepsDefinations.java:49)
at ✽.The user is on login/register page(file:src/test/java/FeatureFiles/datadriven.feature:26)
]]>
    </failure>
  </testcase> <!-- runScenario -->
</testsuite> <!-- E2E Tests -->
